[0.017s] Invoking command in '/root/tello_ros_ws/build/tello_driver': CMAKE_PREFIX_PATH=/root/tello_ros_ws/install/tello_msgs:/root/tello_ros_ws/install/ros2_shared:/root/tello_ros_ws/install/tello_description:/root/tello_ros_ws/install/tello_hand_move:/root/tello_ros_ws/install/sim:/root/tello_ros_ws/sim/install/sim:/opt/ros/foxy /usr/bin/cmake /root/tello_ros_ws/src/tello_ros/tello_driver -DAMENT_CMAKE_SYMLINK_INSTALL=1 -DCMAKE_INSTALL_PREFIX=/root/tello_ros_ws/install/tello_driver
[0.069s] -- The C compiler identification is GNU 9.4.0
[0.118s] -- The CXX compiler identification is GNU 9.4.0
[0.123s] -- Check for working C compiler: /usr/bin/cc
[0.183s] -- Check for working C compiler: /usr/bin/cc -- works
[0.184s] -- Detecting C compiler ABI info
[0.245s] -- Detecting C compiler ABI info - done
[0.263s] -- Detecting C compile features
[0.264s] -- Detecting C compile features - done
[0.267s] -- Check for working CXX compiler: /usr/bin/c++
[0.341s] -- Check for working CXX compiler: /usr/bin/c++ -- works
[0.342s] -- Detecting CXX compiler ABI info
[0.416s] -- Detecting CXX compiler ABI info - done
[0.426s] -- Detecting CXX compile features
[0.427s] -- Detecting CXX compile features - done
[0.429s] -- Found ament_cmake: 0.9.12 (/opt/ros/foxy/share/ament_cmake/cmake)
[0.458s] -- Found PythonInterp: /usr/bin/python3 (found suitable version "3.8.10", minimum required is "3") 
[0.458s] -- Using PYTHON_EXECUTABLE: /usr/bin/python3
[0.609s] -- Override CMake install command with custom implementation using symlinks instead of copying resources
[0.636s] -- Found camera_calibration_parsers: 2.4.0 (/opt/ros/foxy/share/camera_calibration_parsers/cmake)
[0.687s] -- Using all available rosidl_typesupport_c: rosidl_typesupport_fastrtps_c;rosidl_typesupport_introspection_c
[0.695s] -- Found rosidl_adapter: 1.3.1 (/opt/ros/foxy/share/rosidl_adapter/cmake)
[0.785s] -- Found OpenSSL: /usr/lib/x86_64-linux-gnu/libcrypto.so (found version "1.1.1f")  
[0.815s] -- Found FastRTPS: /opt/ros/foxy/include  
[0.902s] -- Using all available rosidl_typesupport_cpp: rosidl_typesupport_fastrtps_cpp;rosidl_typesupport_introspection_cpp
[0.959s] -- Found rmw_implementation_cmake: 1.0.4 (/opt/ros/foxy/share/rmw_implementation_cmake/cmake)
[0.961s] -- Using RMW implementation 'rmw_fastrtps_cpp' as default
[0.962s] -- Looking for pthread.h
[1.026s] -- Looking for pthread.h - found
[1.026s] -- Performing Test CMAKE_HAVE_LIBC_PTHREAD
[1.093s] -- Performing Test CMAKE_HAVE_LIBC_PTHREAD - Failed
[1.093s] -- Looking for pthread_create in pthreads
[1.146s] -- Looking for pthread_create in pthreads - not found
[1.146s] -- Looking for pthread_create in pthread
[1.210s] -- Looking for pthread_create in pthread - found
[1.211s] -- Found Threads: TRUE  
[1.493s] -- Setting yaml-cpp_DIR to: '/opt/ros/foxy/share/yaml_cpp_vendor/cmake/../../../opt/yaml_cpp_vendor/lib/cmake/yaml-cpp'
[1.498s] -- Found class_loader: 2.0.3 (/opt/ros/foxy/share/class_loader/cmake)
[1.505s] -- Found cv_bridge: 3.0.7 (/opt/ros/foxy/share/cv_bridge/cmake)
[1.537s] -- Found OpenCV: /usr (found version "4.2.0") 
[1.539s] -- Found rclcpp_components: 2.4.3 (/opt/ros/foxy/share/rclcpp_components/cmake)
[1.595s] -- Found ros2_shared: 0.1.0 (/root/tello_ros_ws/install/ros2_shared/share/ros2_shared/cmake)
[1.599s] -- Found tello_msgs: 0.1.0 (/root/tello_ros_ws/install/tello_msgs/share/tello_msgs/cmake)
[1.795s] -- Configuring done
[1.853s] -- Generating done
[1.855s] -- Build files have been written to: /root/tello_ros_ws/build/tello_driver
[1.863s] Invoked command in '/root/tello_ros_ws/build/tello_driver' returned '0': CMAKE_PREFIX_PATH=/root/tello_ros_ws/install/tello_msgs:/root/tello_ros_ws/install/ros2_shared:/root/tello_ros_ws/install/tello_description:/root/tello_ros_ws/install/tello_hand_move:/root/tello_ros_ws/install/sim:/root/tello_ros_ws/sim/install/sim:/opt/ros/foxy /usr/bin/cmake /root/tello_ros_ws/src/tello_ros/tello_driver -DAMENT_CMAKE_SYMLINK_INSTALL=1 -DCMAKE_INSTALL_PREFIX=/root/tello_ros_ws/install/tello_driver
[1.865s] Invoking command in '/root/tello_ros_ws/build/tello_driver': CMAKE_PREFIX_PATH=/root/tello_ros_ws/install/tello_msgs:/root/tello_ros_ws/install/ros2_shared:/root/tello_ros_ws/install/tello_description:/root/tello_ros_ws/install/tello_hand_move:/root/tello_ros_ws/install/sim:/root/tello_ros_ws/sim/install/sim:/opt/ros/foxy /usr/bin/cmake --build /root/tello_ros_ws/build/tello_driver -- -j12 -l12
[1.907s] [35m[1mScanning dependencies of target tello_joy_main[0m
[1.907s] [35m[1mScanning dependencies of target tello_emulator[0m
[1.908s] [35m[1mScanning dependencies of target tello_driver_main[0m
[1.908s] [35m[1mScanning dependencies of target tello_driver_node[0m
[1.909s] [35m[1mScanning dependencies of target tello_joy_node[0m
[1.919s] [  4%] [32mBuilding CXX object CMakeFiles/tello_emulator.dir/src/tello_emulator.cpp.o[0m
[1.947s] [  9%] [32mBuilding CXX object CMakeFiles/tello_joy_node.dir/src/tello_joy_node.cpp.o[0m
[1.960s] [ 13%] [32mBuilding CXX object CMakeFiles/tello_joy_main.dir/src/tello_joy_main.cpp.o[0m
[1.960s] [ 18%] [32mBuilding CXX object CMakeFiles/tello_joy_main.dir/src/tello_joy_node.cpp.o[0m
[2.005s] [ 22%] [32mBuilding CXX object CMakeFiles/tello_driver_main.dir/src/tello_driver_main.cpp.o[0m
[2.005s] [ 27%] [32mBuilding CXX object CMakeFiles/tello_driver_main.dir/src/state_socket.cpp.o[0m
[2.005s] [ 31%] [32mBuilding CXX object CMakeFiles/tello_driver_main.dir/src/tello_socket.cpp.o[0m
[2.005s] [ 36%] [32mBuilding CXX object CMakeFiles/tello_driver_main.dir/src/command_socket.cpp.o[0m
[2.009s] [ 40%] [32mBuilding CXX object CMakeFiles/tello_driver_main.dir/src/tello_driver_node.cpp.o[0m
[2.010s] [ 45%] [32mBuilding CXX object CMakeFiles/tello_driver_main.dir/h264decoder/h264decoder.cpp.o[0m
[2.013s] [ 50%] [32mBuilding CXX object CMakeFiles/tello_driver_main.dir/src/video_socket.cpp.o[0m
[2.028s] [ 54%] [32mBuilding CXX object CMakeFiles/tello_driver_node.dir/src/tello_driver_node.cpp.o[0m
[2.495s] [ 59%] [32mBuilding CXX object CMakeFiles/tello_driver_node.dir/src/tello_socket.cpp.o[0m
[4.133s] [ 63%] [32m[1mLinking CXX executable tello_emulator[0m
[4.345s] [ 63%] Built target tello_emulator
[4.379s] [ 68%] [32mBuilding CXX object CMakeFiles/tello_driver_node.dir/src/command_socket.cpp.o[0m
[5.560s] [ 72%] [32mBuilding CXX object CMakeFiles/tello_driver_node.dir/src/state_socket.cpp.o[0m
[7.446s] [ 77%] [32mBuilding CXX object CMakeFiles/tello_driver_node.dir/src/video_socket.cpp.o[0m
[7.594s] [ 81%] [32mBuilding CXX object CMakeFiles/tello_driver_node.dir/h264decoder/h264decoder.cpp.o[0m
[11.169s] [ 86%] [32m[1mLinking CXX shared library libtello_joy_node.so[0m
[11.520s] [ 86%] Built target tello_joy_node
[11.691s] [ 90%] [32m[1mLinking CXX executable tello_joy_main[0m
[12.035s] [ 90%] Built target tello_joy_main
[13.550s] [ 95%] [32m[1mLinking CXX shared library libtello_driver_node.so[0m
[13.685s] [100%] [32m[1mLinking CXX executable tello_driver_main[0m
[14.336s] [100%] Built target tello_driver_node
[14.699s] [100%] Built target tello_driver_main
[14.710s] Invoked command in '/root/tello_ros_ws/build/tello_driver' returned '0': CMAKE_PREFIX_PATH=/root/tello_ros_ws/install/tello_msgs:/root/tello_ros_ws/install/ros2_shared:/root/tello_ros_ws/install/tello_description:/root/tello_ros_ws/install/tello_hand_move:/root/tello_ros_ws/install/sim:/root/tello_ros_ws/sim/install/sim:/opt/ros/foxy /usr/bin/cmake --build /root/tello_ros_ws/build/tello_driver -- -j12 -l12
[14.748s] Invoking command in '/root/tello_ros_ws/build/tello_driver': CMAKE_PREFIX_PATH=/root/tello_ros_ws/install/tello_msgs:/root/tello_ros_ws/install/ros2_shared:/root/tello_ros_ws/install/tello_description:/root/tello_ros_ws/install/tello_hand_move:/root/tello_ros_ws/install/sim:/root/tello_ros_ws/sim/install/sim:/opt/ros/foxy /usr/bin/cmake --install /root/tello_ros_ws/build/tello_driver
[14.756s] -- Install configuration: ""
[14.757s] -- Execute custom install script
[14.757s] -- Symlinking: /root/tello_ros_ws/install/tello_driver/share/tello_driver/environment/library_path.sh
[14.766s] -- Symlinking: /root/tello_ros_ws/install/tello_driver/share/tello_driver/environment/library_path.dsv
[14.777s] -- Symlinking: /root/tello_ros_ws/install/tello_driver/lib/libtello_driver_node.so
[14.785s] -- Symlinking: /root/tello_ros_ws/install/tello_driver/lib/libtello_joy_node.so
[14.795s] -- Symlinking: /root/tello_ros_ws/install/tello_driver/lib/tello_driver/tello_driver_main
[14.803s] -- Symlinking: /root/tello_ros_ws/install/tello_driver/lib/tello_driver/tello_joy_main
[14.813s] -- Symlinking: /root/tello_ros_ws/install/tello_driver/lib/tello_driver/tello_emulator
[14.822s] -- Symlinking: /root/tello_ros_ws/install/tello_driver/share/tello_driver/cfg/camera_info.yaml
[14.832s] -- Symlinking: /root/tello_ros_ws/install/tello_driver/share/tello_driver/launch/emulator_launch.py
[14.840s] -- Symlinking: /root/tello_ros_ws/install/tello_driver/share/tello_driver/launch/emulators_launch.py
[14.849s] -- Symlinking: /root/tello_ros_ws/install/tello_driver/share/tello_driver/launch/teleop_launch.py
[14.858s] -- Symlinking: /root/tello_ros_ws/install/tello_driver/share/ament_index/resource_index/package_run_dependencies/tello_driver
[14.867s] -- Symlinking: /root/tello_ros_ws/install/tello_driver/share/ament_index/resource_index/parent_prefix_path/tello_driver
[14.876s] -- Symlinking: /root/tello_ros_ws/install/tello_driver/share/tello_driver/environment/ament_prefix_path.sh
[14.885s] -- Symlinking: /root/tello_ros_ws/install/tello_driver/share/tello_driver/environment/ament_prefix_path.dsv
[14.894s] -- Symlinking: /root/tello_ros_ws/install/tello_driver/share/tello_driver/environment/path.sh
[14.904s] -- Symlinking: /root/tello_ros_ws/install/tello_driver/share/tello_driver/environment/path.dsv
[14.913s] -- Symlinking: /root/tello_ros_ws/install/tello_driver/share/tello_driver/local_setup.bash
[14.922s] -- Symlinking: /root/tello_ros_ws/install/tello_driver/share/tello_driver/local_setup.sh
[14.931s] -- Symlinking: /root/tello_ros_ws/install/tello_driver/share/tello_driver/local_setup.zsh
[14.940s] -- Symlinking: /root/tello_ros_ws/install/tello_driver/share/tello_driver/local_setup.dsv
[14.949s] -- Symlinking: /root/tello_ros_ws/install/tello_driver/share/tello_driver/package.dsv
[14.958s] -- Symlinking: /root/tello_ros_ws/install/tello_driver/share/ament_index/resource_index/packages/tello_driver
[14.967s] -- Symlinking: /root/tello_ros_ws/install/tello_driver/share/ament_index/resource_index/rclcpp_components/tello_driver
[14.976s] -- Symlinking: /root/tello_ros_ws/install/tello_driver/share/tello_driver/cmake/tello_driverConfig.cmake
[14.985s] -- Symlinking: /root/tello_ros_ws/install/tello_driver/share/tello_driver/cmake/tello_driverConfig-version.cmake
[14.994s] -- Symlinking: /root/tello_ros_ws/install/tello_driver/share/tello_driver/package.xml
[15.006s] Invoked command in '/root/tello_ros_ws/build/tello_driver' returned '0': CMAKE_PREFIX_PATH=/root/tello_ros_ws/install/tello_msgs:/root/tello_ros_ws/install/ros2_shared:/root/tello_ros_ws/install/tello_description:/root/tello_ros_ws/install/tello_hand_move:/root/tello_ros_ws/install/sim:/root/tello_ros_ws/sim/install/sim:/opt/ros/foxy /usr/bin/cmake --install /root/tello_ros_ws/build/tello_driver
