[0.060s] Invoking command in '/root/tello_ros_ws/build/ros2_shared': CMAKE_PREFIX_PATH=${CMAKE_PREFIX_PATH}:/root/tello_ros_ws/install/tello_hand_move:/root/tello_ros_ws/install/sim:/root/tello_ros_ws/sim/install/sim:/opt/ros/foxy /usr/bin/cmake /root/tello_ros_ws/src/ros2_shared -DAMENT_CMAKE_SYMLINK_INSTALL=1 -DCMAKE_INSTALL_PREFIX=/root/tello_ros_ws/install/ros2_shared
[0.291s] -- The C compiler identification is GNU 9.4.0
[0.291s] -- The CXX compiler identification is GNU 9.4.0
[0.291s] -- Check for working C compiler: /usr/bin/cc
[0.291s] -- Check for working C compiler: /usr/bin/cc -- works
[0.291s] -- Detecting C compiler ABI info
[0.316s] -- Detecting C compiler ABI info - done
[0.327s] -- Detecting C compile features
[0.327s] -- Detecting C compile features - done
[0.329s] -- Check for working CXX compiler: /usr/bin/c++
[0.406s] -- Check for working CXX compiler: /usr/bin/c++ -- works
[0.407s] -- Detecting CXX compiler ABI info
[0.483s] -- Detecting CXX compiler ABI info - done
[0.494s] -- Detecting CXX compile features
[0.494s] -- Detecting CXX compile features - done
[0.496s] -- Found ament_cmake: 0.9.12 (/opt/ros/foxy/share/ament_cmake/cmake)
[0.526s] -- Found PythonInterp: /usr/bin/python3 (found suitable version "3.8.10", minimum required is "3") 
[0.526s] -- Using PYTHON_EXECUTABLE: /usr/bin/python3
[0.691s] -- Override CMake install command with custom implementation using symlinks instead of copying resources
[0.728s] -- Found rclcpp: 2.4.3 (/opt/ros/foxy/share/rclcpp/cmake)
[0.785s] -- Using all available rosidl_typesupport_c: rosidl_typesupport_fastrtps_c;rosidl_typesupport_introspection_c
[0.796s] -- Found rosidl_adapter: 1.3.1 (/opt/ros/foxy/share/rosidl_adapter/cmake)
[0.912s] -- Found OpenSSL: /usr/lib/x86_64-linux-gnu/libcrypto.so (found version "1.1.1f")  
[0.945s] -- Found FastRTPS: /opt/ros/foxy/include  
[1.064s] -- Using all available rosidl_typesupport_cpp: rosidl_typesupport_fastrtps_cpp;rosidl_typesupport_introspection_cpp
[1.184s] -- Found rmw_implementation_cmake: 1.0.4 (/opt/ros/foxy/share/rmw_implementation_cmake/cmake)
[1.187s] -- Using RMW implementation 'rmw_fastrtps_cpp' as default
[1.188s] -- Looking for pthread.h
[1.262s] -- Looking for pthread.h - found
[1.263s] -- Performing Test CMAKE_HAVE_LIBC_PTHREAD
[1.336s] -- Performing Test CMAKE_HAVE_LIBC_PTHREAD - Failed
[1.336s] -- Looking for pthread_create in pthreads
[1.394s] -- Looking for pthread_create in pthreads - not found
[1.395s] -- Looking for pthread_create in pthread
[1.459s] -- Looking for pthread_create in pthread - found
[1.460s] -- Found Threads: TRUE  
[1.681s] -- Configuring done
[1.683s] -- Generating done
[1.684s] -- Build files have been written to: /root/tello_ros_ws/build/ros2_shared
[1.689s] Invoked command in '/root/tello_ros_ws/build/ros2_shared' returned '0': CMAKE_PREFIX_PATH=${CMAKE_PREFIX_PATH}:/root/tello_ros_ws/install/tello_hand_move:/root/tello_ros_ws/install/sim:/root/tello_ros_ws/sim/install/sim:/opt/ros/foxy /usr/bin/cmake /root/tello_ros_ws/src/ros2_shared -DAMENT_CMAKE_SYMLINK_INSTALL=1 -DCMAKE_INSTALL_PREFIX=/root/tello_ros_ws/install/ros2_shared
[1.691s] Invoking command in '/root/tello_ros_ws/build/ros2_shared': CMAKE_PREFIX_PATH=${CMAKE_PREFIX_PATH}:/root/tello_ros_ws/install/tello_hand_move:/root/tello_ros_ws/install/sim:/root/tello_ros_ws/sim/install/sim:/opt/ros/foxy /usr/bin/cmake --build /root/tello_ros_ws/build/ros2_shared -- -j12 -l12
[1.731s] Invoked command in '/root/tello_ros_ws/build/ros2_shared' returned '0': CMAKE_PREFIX_PATH=${CMAKE_PREFIX_PATH}:/root/tello_ros_ws/install/tello_hand_move:/root/tello_ros_ws/install/sim:/root/tello_ros_ws/sim/install/sim:/opt/ros/foxy /usr/bin/cmake --build /root/tello_ros_ws/build/ros2_shared -- -j12 -l12
[1.753s] Invoking command in '/root/tello_ros_ws/build/ros2_shared': CMAKE_PREFIX_PATH=${CMAKE_PREFIX_PATH}:/root/tello_ros_ws/install/tello_hand_move:/root/tello_ros_ws/install/sim:/root/tello_ros_ws/sim/install/sim:/opt/ros/foxy /usr/bin/cmake --install /root/tello_ros_ws/build/ros2_shared
[1.761s] -- Install configuration: ""
[1.761s] -- Execute custom install script
[1.761s] -- Symlinking: /root/tello_ros_ws/install/ros2_shared/include/ros2_shared/context_macros.hpp
[1.770s] -- Symlinking: /root/tello_ros_ws/install/ros2_shared/include/ros2_shared/param_macros.hpp
[1.779s] -- Symlinking: /root/tello_ros_ws/install/ros2_shared/include/ros2_shared/string_printf.hpp
[1.788s] -- Symlinking: /root/tello_ros_ws/install/ros2_shared/share/ament_index/resource_index/package_run_dependencies/ros2_shared
[1.797s] -- Symlinking: /root/tello_ros_ws/install/ros2_shared/share/ament_index/resource_index/parent_prefix_path/ros2_shared
[1.809s] -- Symlinking: /root/tello_ros_ws/install/ros2_shared/share/ros2_shared/environment/ament_prefix_path.sh
[1.818s] -- Symlinking: /root/tello_ros_ws/install/ros2_shared/share/ros2_shared/environment/ament_prefix_path.dsv
[1.826s] -- Symlinking: /root/tello_ros_ws/install/ros2_shared/share/ros2_shared/environment/path.sh
[1.835s] -- Symlinking: /root/tello_ros_ws/install/ros2_shared/share/ros2_shared/environment/path.dsv
[1.844s] -- Symlinking: /root/tello_ros_ws/install/ros2_shared/share/ros2_shared/local_setup.bash
[1.852s] -- Symlinking: /root/tello_ros_ws/install/ros2_shared/share/ros2_shared/local_setup.sh
[1.861s] -- Symlinking: /root/tello_ros_ws/install/ros2_shared/share/ros2_shared/local_setup.zsh
[1.870s] -- Symlinking: /root/tello_ros_ws/install/ros2_shared/share/ros2_shared/local_setup.dsv
[1.879s] -- Symlinking: /root/tello_ros_ws/install/ros2_shared/share/ros2_shared/package.dsv
[1.891s] -- Symlinking: /root/tello_ros_ws/install/ros2_shared/share/ament_index/resource_index/packages/ros2_shared
[1.901s] -- Symlinking: /root/tello_ros_ws/install/ros2_shared/share/ros2_shared/cmake/ament_cmake_export_targets-extras.cmake
[1.915s] -- Symlinking: /root/tello_ros_ws/install/ros2_shared/share/ros2_shared/cmake/ament_cmake_export_dependencies-extras.cmake
[1.928s] -- Symlinking: /root/tello_ros_ws/install/ros2_shared/share/ros2_shared/cmake/ros2_sharedConfig.cmake
[1.940s] -- Symlinking: /root/tello_ros_ws/install/ros2_shared/share/ros2_shared/cmake/ros2_sharedConfig-version.cmake
[1.950s] -- Symlinking: /root/tello_ros_ws/install/ros2_shared/share/ros2_shared/package.xml
[1.961s] -- Installing: /root/tello_ros_ws/install/ros2_shared/share/ros2_shared/cmake/ros2_shared_targetsExport.cmake
[1.966s] Invoked command in '/root/tello_ros_ws/build/ros2_shared' returned '0': CMAKE_PREFIX_PATH=${CMAKE_PREFIX_PATH}:/root/tello_ros_ws/install/tello_hand_move:/root/tello_ros_ws/install/sim:/root/tello_ros_ws/sim/install/sim:/opt/ros/foxy /usr/bin/cmake --install /root/tello_ros_ws/build/ros2_shared
