[0.859s] Invoking command in '/root/tello_ros_ws/build/tello_hand_move': PYTHONPATH=/root/tello_ros_ws/build/tello_hand_move/prefix_override:/root/tello_ros_ws/install/tello_hand_move/lib/python3.8/site-packages:${PYTHONPATH} /usr/bin/python3 setup.py develop --editable --build-directory /root/tello_ros_ws/build/tello_hand_move/build --no-deps install_data
[1.074s] running develop
[1.205s] running egg_info
[1.206s] creating tello_hand_move.egg-info
[1.206s] writing tello_hand_move.egg-info/PKG-INFO
[1.206s] writing dependency_links to tello_hand_move.egg-info/dependency_links.txt
[1.206s] writing entry points to tello_hand_move.egg-info/entry_points.txt
[1.206s] writing requirements to tello_hand_move.egg-info/requires.txt
[1.206s] writing top-level names to tello_hand_move.egg-info/top_level.txt
[1.206s] writing manifest file 'tello_hand_move.egg-info/SOURCES.txt'
[1.235s] reading manifest file 'tello_hand_move.egg-info/SOURCES.txt'
[1.236s] writing manifest file 'tello_hand_move.egg-info/SOURCES.txt'
[1.273s] running build_ext
[1.273s] Creating /root/tello_ros_ws/install/tello_hand_move/lib/python3.8/site-packages/site.py
[1.275s] Creating /root/tello_ros_ws/install/tello_hand_move/lib/python3.8/site-packages/tello-hand-move.egg-link (link to .)
[1.276s] Installing teleop_wasd_altitude script to /root/tello_ros_ws/install/tello_hand_move/lib/tello_hand_move
[1.276s] 
[1.276s] Installed /root/tello_ros_ws/build/tello_hand_move
[1.276s] running install_data
[1.276s] creating /root/tello_ros_ws/install/tello_hand_move/share/ament_index
[1.277s] creating /root/tello_ros_ws/install/tello_hand_move/share/ament_index/resource_index
[1.277s] creating /root/tello_ros_ws/install/tello_hand_move/share/ament_index/resource_index/packages
[1.277s] copying resource/tello_hand_move -> /root/tello_ros_ws/install/tello_hand_move/share/ament_index/resource_index/packages
[1.277s] copying package.xml -> /root/tello_ros_ws/install/tello_hand_move/share/tello_hand_move
[1.277s] creating /root/tello_ros_ws/install/tello_hand_move/share/tello_hand_move/launch
[1.277s] copying launch/teleop.launch.py -> /root/tello_ros_ws/install/tello_hand_move/share/tello_hand_move/launch
[1.312s] Invoked command in '/root/tello_ros_ws/build/tello_hand_move' returned '0': PYTHONPATH=/root/tello_ros_ws/build/tello_hand_move/prefix_override:/root/tello_ros_ws/install/tello_hand_move/lib/python3.8/site-packages:${PYTHONPATH} /usr/bin/python3 setup.py develop --editable --build-directory /root/tello_ros_ws/build/tello_hand_move/build --no-deps install_data
