[0.030s] Invoking command in '/root/tello_ros_ws/build/tello_driver': CMAKE_PREFIX_PATH=/root/tello_ros_ws/install/tello_msgs:/root/tello_ros_ws/install/ros2_shared:/root/tello_ros_ws/install/tello_description:/root/tello_ros_ws/install/tello_hand_move:/root/tello_ros_ws/install/sim:/root/tello_ros_ws/sim/install/sim:/opt/ros/foxy /usr/bin/cmake --build /root/tello_ros_ws/build/tello_driver -- -j12 -l12
[0.097s] [  9%] Built target tello_emulator
[0.107s] [ 22%] Built target tello_joy_main
[0.111s] [ 31%] Built target tello_joy_node
[0.133s] [ 68%] Built target tello_driver_main
[0.134s] [100%] Built target tello_driver_node
[0.145s] Invoked command in '/root/tello_ros_ws/build/tello_driver' returned '0': CMAKE_PREFIX_PATH=/root/tello_ros_ws/install/tello_msgs:/root/tello_ros_ws/install/ros2_shared:/root/tello_ros_ws/install/tello_description:/root/tello_ros_ws/install/tello_hand_move:/root/tello_ros_ws/install/sim:/root/tello_ros_ws/sim/install/sim:/opt/ros/foxy /usr/bin/cmake --build /root/tello_ros_ws/build/tello_driver -- -j12 -l12
[0.184s] Invoking command in '/root/tello_ros_ws/build/tello_driver': CMAKE_PREFIX_PATH=/root/tello_ros_ws/install/tello_msgs:/root/tello_ros_ws/install/ros2_shared:/root/tello_ros_ws/install/tello_description:/root/tello_ros_ws/install/tello_hand_move:/root/tello_ros_ws/install/sim:/root/tello_ros_ws/sim/install/sim:/opt/ros/foxy /usr/bin/cmake --install /root/tello_ros_ws/build/tello_driver
[0.195s] -- Install configuration: ""
[0.196s] -- Execute custom install script
[0.196s] -- Up-to-date symlink: /root/tello_ros_ws/install/tello_driver/share/tello_driver/environment/library_path.sh
[0.196s] -- Up-to-date symlink: /root/tello_ros_ws/install/tello_driver/share/tello_driver/environment/library_path.dsv
[0.197s] -- Up-to-date symlink: /root/tello_ros_ws/install/tello_driver/lib/libtello_driver_node.so
[0.197s] -- Up-to-date symlink: /root/tello_ros_ws/install/tello_driver/lib/libtello_joy_node.so
[0.198s] -- Up-to-date symlink: /root/tello_ros_ws/install/tello_driver/lib/tello_driver/tello_driver_main
[0.198s] -- Up-to-date symlink: /root/tello_ros_ws/install/tello_driver/lib/tello_driver/tello_joy_main
[0.198s] -- Up-to-date symlink: /root/tello_ros_ws/install/tello_driver/lib/tello_driver/tello_emulator
[0.199s] -- Up-to-date symlink: /root/tello_ros_ws/install/tello_driver/share/tello_driver/cfg/camera_info.yaml
[0.199s] -- Up-to-date symlink: /root/tello_ros_ws/install/tello_driver/share/tello_driver/launch/emulator_launch.py
[0.200s] -- Up-to-date symlink: /root/tello_ros_ws/install/tello_driver/share/tello_driver/launch/emulators_launch.py
[0.200s] -- Up-to-date symlink: /root/tello_ros_ws/install/tello_driver/share/tello_driver/launch/teleop_launch.py
[0.200s] -- Up-to-date symlink: /root/tello_ros_ws/install/tello_driver/share/ament_index/resource_index/package_run_dependencies/tello_driver
[0.202s] -- Up-to-date symlink: /root/tello_ros_ws/install/tello_driver/share/ament_index/resource_index/parent_prefix_path/tello_driver
[0.202s] -- Up-to-date symlink: /root/tello_ros_ws/install/tello_driver/share/tello_driver/environment/ament_prefix_path.sh
[0.202s] -- Up-to-date symlink: /root/tello_ros_ws/install/tello_driver/share/tello_driver/environment/ament_prefix_path.dsv
[0.203s] -- Up-to-date symlink: /root/tello_ros_ws/install/tello_driver/share/tello_driver/environment/path.sh
[0.203s] -- Up-to-date symlink: /root/tello_ros_ws/install/tello_driver/share/tello_driver/environment/path.dsv
[0.203s] -- Up-to-date symlink: /root/tello_ros_ws/install/tello_driver/share/tello_driver/local_setup.bash
[0.203s] -- Up-to-date symlink: /root/tello_ros_ws/install/tello_driver/share/tello_driver/local_setup.sh
[0.203s] -- Up-to-date symlink: /root/tello_ros_ws/install/tello_driver/share/tello_driver/local_setup.zsh
[0.204s] -- Up-to-date symlink: /root/tello_ros_ws/install/tello_driver/share/tello_driver/local_setup.dsv
[0.204s] -- Symlinking: /root/tello_ros_ws/install/tello_driver/share/tello_driver/package.dsv
[0.214s] -- Up-to-date symlink: /root/tello_ros_ws/install/tello_driver/share/ament_index/resource_index/packages/tello_driver
[0.214s] -- Up-to-date symlink: /root/tello_ros_ws/install/tello_driver/share/ament_index/resource_index/rclcpp_components/tello_driver
[0.217s] -- Up-to-date symlink: /root/tello_ros_ws/install/tello_driver/share/tello_driver/cmake/tello_driverConfig.cmake
[0.217s] -- Up-to-date symlink: /root/tello_ros_ws/install/tello_driver/share/tello_driver/cmake/tello_driverConfig-version.cmake
[0.217s] -- Up-to-date symlink: /root/tello_ros_ws/install/tello_driver/share/tello_driver/package.xml
[0.232s] Invoked command in '/root/tello_ros_ws/build/tello_driver' returned '0': CMAKE_PREFIX_PATH=/root/tello_ros_ws/install/tello_msgs:/root/tello_ros_ws/install/ros2_shared:/root/tello_ros_ws/install/tello_description:/root/tello_ros_ws/install/tello_hand_move:/root/tello_ros_ws/install/sim:/root/tello_ros_ws/sim/install/sim:/opt/ros/foxy /usr/bin/cmake --install /root/tello_ros_ws/build/tello_driver
