[0.246s] Invoking command in '/root/tello_ros_ws/build/tello_description': CMAKE_PREFIX_PATH=${CMAKE_PREFIX_PATH}:/root/tello_ros_ws/install/tello_hand_move:/root/tello_ros_ws/install/sim:/root/tello_ros_ws/sim/install/sim:/opt/ros/foxy /usr/bin/cmake --build /root/tello_ros_ws/build/tello_description -- -j12 -l12
[0.455s] [ 11%] Built target generate_urdf_6
[0.455s] [ 22%] Built target generate_urdf_4
[0.457s] [ 33%] Built target generate_urdf_3
[0.457s] [ 44%] Built target generate_urdf_7
[0.457s] [ 66%] Built target generate_urdf
[0.458s] [ 66%] Built target generate_urdf_5
[0.458s] [ 77%] Built target generate_urdf_8
[0.458s] [ 88%] Built target generate_urdf_2
[0.458s] [100%] Built target generate_urdf_1
[0.462s] Invoked command in '/root/tello_ros_ws/build/tello_description' returned '0': CMAKE_PREFIX_PATH=${CMAKE_PREFIX_PATH}:/root/tello_ros_ws/install/tello_hand_move:/root/tello_ros_ws/install/sim:/root/tello_ros_ws/sim/install/sim:/opt/ros/foxy /usr/bin/cmake --build /root/tello_ros_ws/build/tello_description -- -j12 -l12
[0.498s] Invoking command in '/root/tello_ros_ws/build/tello_description': CMAKE_PREFIX_PATH=${CMAKE_PREFIX_PATH}:/root/tello_ros_ws/install/tello_hand_move:/root/tello_ros_ws/install/sim:/root/tello_ros_ws/sim/install/sim:/opt/ros/foxy /usr/bin/cmake --install /root/tello_ros_ws/build/tello_description
[0.508s] -- Install configuration: ""
[0.508s] -- Execute custom install script
[0.509s] -- Up-to-date symlink: /root/tello_ros_ws/install/tello_description/share/tello_description/urdf/tello.urdf
[0.509s] -- Up-to-date symlink: /root/tello_ros_ws/install/tello_description/share/tello_description/urdf/tello_1.urdf
[0.509s] -- Up-to-date symlink: /root/tello_ros_ws/install/tello_description/share/tello_description/urdf/tello_2.urdf
[0.509s] -- Up-to-date symlink: /root/tello_ros_ws/install/tello_description/share/tello_description/urdf/tello_3.urdf
[0.509s] -- Up-to-date symlink: /root/tello_ros_ws/install/tello_description/share/tello_description/urdf/tello_4.urdf
[0.510s] -- Up-to-date symlink: /root/tello_ros_ws/install/tello_description/share/tello_description/urdf/tello_5.urdf
[0.510s] -- Up-to-date symlink: /root/tello_ros_ws/install/tello_description/share/tello_description/urdf/tello_6.urdf
[0.510s] -- Up-to-date symlink: /root/tello_ros_ws/install/tello_description/share/tello_description/urdf/tello_7.urdf
[0.511s] -- Up-to-date symlink: /root/tello_ros_ws/install/tello_description/share/tello_description/urdf/tello_8.urdf
[0.511s] -- Up-to-date symlink: /root/tello_ros_ws/install/tello_description/share/ament_index/resource_index/package_run_dependencies/tello_description
[0.511s] -- Up-to-date symlink: /root/tello_ros_ws/install/tello_description/share/ament_index/resource_index/parent_prefix_path/tello_description
[0.511s] -- Up-to-date symlink: /root/tello_ros_ws/install/tello_description/share/tello_description/environment/ament_prefix_path.sh
[0.512s] -- Up-to-date symlink: /root/tello_ros_ws/install/tello_description/share/tello_description/environment/ament_prefix_path.dsv
[0.512s] -- Up-to-date symlink: /root/tello_ros_ws/install/tello_description/share/tello_description/environment/path.sh
[0.512s] -- Up-to-date symlink: /root/tello_ros_ws/install/tello_description/share/tello_description/environment/path.dsv
[0.513s] -- Up-to-date symlink: /root/tello_ros_ws/install/tello_description/share/tello_description/local_setup.bash
[0.513s] -- Up-to-date symlink: /root/tello_ros_ws/install/tello_description/share/tello_description/local_setup.sh
[0.513s] -- Up-to-date symlink: /root/tello_ros_ws/install/tello_description/share/tello_description/local_setup.zsh
[0.513s] -- Up-to-date symlink: /root/tello_ros_ws/install/tello_description/share/tello_description/local_setup.dsv
[0.513s] -- Symlinking: /root/tello_ros_ws/install/tello_description/share/tello_description/package.dsv
[0.523s] -- Up-to-date symlink: /root/tello_ros_ws/install/tello_description/share/ament_index/resource_index/packages/tello_description
[0.523s] -- Up-to-date symlink: /root/tello_ros_ws/install/tello_description/share/tello_description/cmake/tello_descriptionConfig.cmake
[0.524s] -- Up-to-date symlink: /root/tello_ros_ws/install/tello_description/share/tello_description/cmake/tello_descriptionConfig-version.cmake
[0.524s] -- Up-to-date symlink: /root/tello_ros_ws/install/tello_description/share/tello_description/package.xml
[0.542s] Invoked command in '/root/tello_ros_ws/build/tello_description' returned '0': CMAKE_PREFIX_PATH=${CMAKE_PREFIX_PATH}:/root/tello_ros_ws/install/tello_hand_move:/root/tello_ros_ws/install/sim:/root/tello_ros_ws/sim/install/sim:/opt/ros/foxy /usr/bin/cmake --install /root/tello_ros_ws/build/tello_description
