[0.069s] Invoking command in '/root/tello_ros_ws/build/tello_msgs': CMAKE_PREFIX_PATH=${CMAKE_PREFIX_PATH}:/root/tello_ros_ws/install/tello_hand_move:/root/tello_ros_ws/install/sim:/root/tello_ros_ws/sim/install/sim:/opt/ros/foxy /usr/bin/cmake /root/tello_ros_ws/src/tello_ros/tello_msgs -DAMENT_CMAKE_SYMLINK_INSTALL=1 -DCMAKE_INSTALL_PREFIX=/root/tello_ros_ws/install/tello_msgs
[0.305s] -- The C compiler identification is GNU 9.4.0
[0.305s] -- The CXX compiler identification is GNU 9.4.0
[0.305s] -- Check for working C compiler: /usr/bin/cc
[0.305s] -- Check for working C compiler: /usr/bin/cc -- works
[0.305s] -- Detecting C compiler ABI info
[0.330s] -- Detecting C compiler ABI info - done
[0.341s] -- Detecting C compile features
[0.341s] -- Detecting C compile features - done
[0.344s] -- Check for working CXX compiler: /usr/bin/c++
[0.424s] -- Check for working CXX compiler: /usr/bin/c++ -- works
[0.425s] -- Detecting CXX compiler ABI info
[0.502s] -- Detecting CXX compiler ABI info - done
[0.514s] -- Detecting CXX compile features
[0.514s] -- Detecting CXX compile features - done
[0.516s] -- Found ament_cmake: 0.9.12 (/opt/ros/foxy/share/ament_cmake/cmake)
[0.546s] -- Found PythonInterp: /usr/bin/python3 (found suitable version "3.8.10", minimum required is "3") 
[0.546s] -- Using PYTHON_EXECUTABLE: /usr/bin/python3
[0.707s] -- Override CMake install command with custom implementation using symlinks instead of copying resources
[0.742s] -- Found rosidl_default_generators: 1.0.1 (/opt/ros/foxy/share/rosidl_default_generators/cmake)
[0.746s] -- Using all available rosidl_typesupport_c: rosidl_typesupport_fastrtps_c;rosidl_typesupport_introspection_c
[0.755s] -- Found rosidl_adapter: 1.3.1 (/opt/ros/foxy/share/rosidl_adapter/cmake)
[0.889s] -- Found OpenSSL: /usr/lib/x86_64-linux-gnu/libcrypto.so (found version "1.1.1f")  
[0.922s] -- Found FastRTPS: /opt/ros/foxy/include  
[1.032s] -- Using all available rosidl_typesupport_cpp: rosidl_typesupport_fastrtps_cpp;rosidl_typesupport_introspection_cpp
[1.076s] -- Found std_msgs: 2.0.5 (/opt/ros/foxy/share/std_msgs/cmake)
[1.200s] -- Found PythonInterp: /usr/bin/python3 (found version "3.8.10") 
[1.420s] -- Found ament_cmake_ros: 0.9.2 (/opt/ros/foxy/share/ament_cmake_ros/cmake)
[1.611s] -- Using all available rosidl_typesupport_c: rosidl_typesupport_fastrtps_c;rosidl_typesupport_introspection_c
[1.672s] -- Using all available rosidl_typesupport_cpp: rosidl_typesupport_fastrtps_cpp;rosidl_typesupport_introspection_cpp
[1.708s] -- Found PythonInterp: /usr/bin/python3 (found suitable version "3.8.10", minimum required is "3.5") 
[1.708s] -- Found python_cmake_module: 0.8.1 (/opt/ros/foxy/share/python_cmake_module/cmake)
[1.737s] -- Found PythonLibs: /usr/lib/x86_64-linux-gnu/libpython3.8.so (found suitable version "3.8.10", minimum required is "3.5") 
[1.737s] -- Using PYTHON_EXECUTABLE: /usr/bin/python3
[1.737s] -- Using PYTHON_INCLUDE_DIRS: /usr/include/python3.8
[1.738s] -- Using PYTHON_LIBRARIES: /usr/lib/x86_64-linux-gnu/libpython3.8.so
[1.764s] -- Found PythonExtra: .so  
[1.856s] -- Configuring done
[1.910s] -- Generating done
[1.912s] -- Build files have been written to: /root/tello_ros_ws/build/tello_msgs
[1.923s] Invoked command in '/root/tello_ros_ws/build/tello_msgs' returned '0': CMAKE_PREFIX_PATH=${CMAKE_PREFIX_PATH}:/root/tello_ros_ws/install/tello_hand_move:/root/tello_ros_ws/install/sim:/root/tello_ros_ws/sim/install/sim:/opt/ros/foxy /usr/bin/cmake /root/tello_ros_ws/src/tello_ros/tello_msgs -DAMENT_CMAKE_SYMLINK_INSTALL=1 -DCMAKE_INSTALL_PREFIX=/root/tello_ros_ws/install/tello_msgs
[1.925s] Invoking command in '/root/tello_ros_ws/build/tello_msgs': CMAKE_PREFIX_PATH=${CMAKE_PREFIX_PATH}:/root/tello_ros_ws/install/tello_hand_move:/root/tello_ros_ws/install/sim:/root/tello_ros_ws/sim/install/sim:/opt/ros/foxy /usr/bin/cmake --build /root/tello_ros_ws/build/tello_msgs -- -j12 -l12
[1.971s] [  2%] [34m[1mGenerating C code for ROS interfaces[0m
[1.971s] [35m[1mScanning dependencies of target tello_msgs__cpp[0m
[1.981s] [  4%] [34m[1mGenerating C++ code for ROS interfaces[0m
[2.544s] [35m[1mScanning dependencies of target tello_msgs__rosidl_generator_c[0m
[2.558s] [  8%] [32mBuilding C object CMakeFiles/tello_msgs__rosidl_generator_c.dir/rosidl_generator_c/tello_msgs/srv/detail/tello_action__functions.c.o[0m
[2.558s] [  8%] [32mBuilding C object CMakeFiles/tello_msgs__rosidl_generator_c.dir/rosidl_generator_c/tello_msgs/msg/detail/flight_data__functions.c.o[0m
[2.560s] [ 10%] [32mBuilding C object CMakeFiles/tello_msgs__rosidl_generator_c.dir/rosidl_generator_c/tello_msgs/msg/detail/tello_response__functions.c.o[0m
[2.586s] [ 10%] Built target tello_msgs__cpp
[2.597s] [ 14%] [34m[1mGenerating C++ type support for eProsima Fast-RTPS[0m
[2.597s] [ 14%] [34m[1mGenerating C++ introspection for ROS interfaces[0m
[2.598s] [ 17%] [34m[1mGenerating C++ type support dispatch for ROS interfaces[0m
[2.625s] [ 19%] [32m[1mLinking C shared library libtello_msgs__rosidl_generator_c.so[0m
[2.661s] [ 19%] Built target tello_msgs__rosidl_generator_c
[2.671s] [ 23%] [34m[1mGenerating C type support dispatch for ROS interfaces[0m
[2.672s] [ 23%] [34m[1mGenerating C introspection for ROS interfaces[0m
[3.089s] [35m[1mScanning dependencies of target tello_msgs__rosidl_typesupport_cpp[0m
[3.104s] [ 25%] [32mBuilding CXX object CMakeFiles/tello_msgs__rosidl_typesupport_cpp.dir/rosidl_typesupport_cpp/tello_msgs/msg/flight_data__type_support.cpp.o[0m
[3.107s] [ 29%] [32mBuilding CXX object CMakeFiles/tello_msgs__rosidl_typesupport_cpp.dir/rosidl_typesupport_cpp/tello_msgs/msg/tello_response__type_support.cpp.o[0m
[3.107s] [ 29%] [32mBuilding CXX object CMakeFiles/tello_msgs__rosidl_typesupport_cpp.dir/rosidl_typesupport_cpp/tello_msgs/srv/tello_action__type_support.cpp.o[0m
[3.146s] [35m[1mScanning dependencies of target tello_msgs__rosidl_typesupport_introspection_cpp[0m
[3.167s] [ 31%] [32mBuilding CXX object CMakeFiles/tello_msgs__rosidl_typesupport_introspection_cpp.dir/rosidl_typesupport_introspection_cpp/tello_msgs/msg/detail/flight_data__type_support.cpp.o[0m
[3.169s] [ 34%] [32mBuilding CXX object CMakeFiles/tello_msgs__rosidl_typesupport_introspection_cpp.dir/rosidl_typesupport_introspection_cpp/tello_msgs/srv/detail/tello_action__type_support.cpp.o[0m
[3.171s] [ 36%] [32mBuilding CXX object CMakeFiles/tello_msgs__rosidl_typesupport_introspection_cpp.dir/rosidl_typesupport_introspection_cpp/tello_msgs/msg/detail/tello_response__type_support.cpp.o[0m
[3.173s] [35m[1mScanning dependencies of target tello_msgs__rosidl_typesupport_fastrtps_cpp[0m
[3.201s] [ 38%] [32mBuilding CXX object CMakeFiles/tello_msgs__rosidl_typesupport_fastrtps_cpp.dir/rosidl_typesupport_fastrtps_cpp/tello_msgs/msg/detail/dds_fastrtps/tello_response__type_support.cpp.o[0m
[3.204s] [ 40%] [32mBuilding CXX object CMakeFiles/tello_msgs__rosidl_typesupport_fastrtps_cpp.dir/rosidl_typesupport_fastrtps_cpp/tello_msgs/srv/detail/dds_fastrtps/tello_action__type_support.cpp.o[0m
[3.204s] [ 42%] [32mBuilding CXX object CMakeFiles/tello_msgs__rosidl_typesupport_fastrtps_cpp.dir/rosidl_typesupport_fastrtps_cpp/tello_msgs/msg/detail/dds_fastrtps/flight_data__type_support.cpp.o[0m
[3.253s] [35m[1mScanning dependencies of target tello_msgs__rosidl_typesupport_c[0m
[3.273s] [ 44%] [32mBuilding CXX object CMakeFiles/tello_msgs__rosidl_typesupport_c.dir/rosidl_typesupport_c/tello_msgs/msg/flight_data__type_support.cpp.o[0m
[3.280s] [ 46%] [32mBuilding CXX object CMakeFiles/tello_msgs__rosidl_typesupport_c.dir/rosidl_typesupport_c/tello_msgs/msg/tello_response__type_support.cpp.o[0m
[3.334s] [ 48%] [32mBuilding CXX object CMakeFiles/tello_msgs__rosidl_typesupport_c.dir/rosidl_typesupport_c/tello_msgs/srv/tello_action__type_support.cpp.o[0m
[3.349s] [35m[1mScanning dependencies of target tello_msgs__rosidl_typesupport_introspection_c[0m
[3.388s] [ 53%] [32mBuilding C object CMakeFiles/tello_msgs__rosidl_typesupport_introspection_c.dir/rosidl_typesupport_introspection_c/tello_msgs/msg/detail/flight_data__type_support.c.o[0m
[3.388s] [ 53%] [32mBuilding C object CMakeFiles/tello_msgs__rosidl_typesupport_introspection_c.dir/rosidl_typesupport_introspection_c/tello_msgs/msg/detail/tello_response__type_support.c.o[0m
[3.393s] [ 55%] [32m[1mLinking CXX shared library libtello_msgs__rosidl_typesupport_c.so[0m
[3.442s] [ 57%] [32mBuilding C object CMakeFiles/tello_msgs__rosidl_typesupport_introspection_c.dir/rosidl_typesupport_introspection_c/tello_msgs/srv/detail/tello_action__type_support.c.o[0m
[3.463s] [ 57%] Built target tello_msgs__rosidl_typesupport_c
[3.497s] [ 59%] [32m[1mLinking C shared library libtello_msgs__rosidl_typesupport_introspection_c.so[0m
[3.533s] [ 59%] Built target tello_msgs__rosidl_typesupport_introspection_c
[3.538s] [ 61%] [32m[1mLinking CXX shared library libtello_msgs__rosidl_typesupport_cpp.so[0m
[3.579s] [ 61%] Built target tello_msgs__rosidl_typesupport_cpp
[3.628s] [ 63%] [32m[1mLinking CXX shared library libtello_msgs__rosidl_typesupport_introspection_cpp.so[0m
[3.696s] [ 63%] Built target tello_msgs__rosidl_typesupport_introspection_cpp
[3.782s] [ 65%] [32m[1mLinking CXX shared library libtello_msgs__rosidl_typesupport_fastrtps_cpp.so[0m
[3.862s] [ 65%] Built target tello_msgs__rosidl_typesupport_fastrtps_cpp
[3.872s] [ 68%] [34m[1mGenerating C type support for eProsima Fast-RTPS[0m
[4.389s] [35m[1mScanning dependencies of target tello_msgs__rosidl_typesupport_fastrtps_c[0m
[4.410s] [ 74%] [32mBuilding CXX object CMakeFiles/tello_msgs__rosidl_typesupport_fastrtps_c.dir/rosidl_typesupport_fastrtps_c/tello_msgs/msg/detail/flight_data__type_support_c.cpp.o[0m
[4.411s] [ 74%] [32mBuilding CXX object CMakeFiles/tello_msgs__rosidl_typesupport_fastrtps_c.dir/rosidl_typesupport_fastrtps_c/tello_msgs/srv/detail/tello_action__type_support_c.cpp.o[0m
[4.411s] [ 74%] [32mBuilding CXX object CMakeFiles/tello_msgs__rosidl_typesupport_fastrtps_c.dir/rosidl_typesupport_fastrtps_c/tello_msgs/msg/detail/tello_response__type_support_c.cpp.o[0m
[4.756s] [ 76%] [32m[1mLinking CXX shared library libtello_msgs__rosidl_typesupport_fastrtps_c.so[0m
[4.833s] [ 76%] Built target tello_msgs__rosidl_typesupport_fastrtps_c
[4.843s] [35m[1mScanning dependencies of target tello_msgs[0m
[4.853s] [ 76%] Built target tello_msgs
[4.862s] [35m[1mScanning dependencies of target tello_msgs__py[0m
[4.873s] [ 78%] [34m[1mGenerating Python code for ROS interfaces[0m
[5.924s] [ 78%] Built target tello_msgs__py
[5.934s] [35m[1mScanning dependencies of target tello_msgs__python[0m
[5.953s] [ 85%] [32mBuilding C object CMakeFiles/tello_msgs__python.dir/rosidl_generator_py/tello_msgs/srv/_tello_action_s.c.o[0m
[5.953s] [ 85%] [32mBuilding C object CMakeFiles/tello_msgs__python.dir/rosidl_generator_py/tello_msgs/msg/_tello_response_s.c.o[0m
[5.953s] [ 85%] [32mBuilding C object CMakeFiles/tello_msgs__python.dir/rosidl_generator_py/tello_msgs/msg/_flight_data_s.c.o[0m
[6.049s] [ 87%] [32m[1mLinking C shared library rosidl_generator_py/tello_msgs/libtello_msgs__python.so[0m
[6.091s] [ 87%] Built target tello_msgs__python
[6.101s] [35m[1mScanning dependencies of target tello_msgs__rosidl_typesupport_introspection_c__pyext[0m
[6.101s] [35m[1mScanning dependencies of target tello_msgs__rosidl_typesupport_c__pyext[0m
[6.101s] [35m[1mScanning dependencies of target tello_msgs__rosidl_typesupport_fastrtps_c__pyext[0m
[6.118s] [ 91%] [32mBuilding C object CMakeFiles/tello_msgs__rosidl_typesupport_introspection_c__pyext.dir/rosidl_generator_py/tello_msgs/_tello_msgs_s.ep.rosidl_typesupport_introspection_c.c.o[0m
[6.119s] [ 91%] [32mBuilding C object CMakeFiles/tello_msgs__rosidl_typesupport_c__pyext.dir/rosidl_generator_py/tello_msgs/_tello_msgs_s.ep.rosidl_typesupport_c.c.o[0m
[6.124s] [ 93%] [32mBuilding C object CMakeFiles/tello_msgs__rosidl_typesupport_fastrtps_c__pyext.dir/rosidl_generator_py/tello_msgs/_tello_msgs_s.ep.rosidl_typesupport_fastrtps_c.c.o[0m
[6.199s] [ 95%] [32m[1mLinking C shared library rosidl_generator_py/tello_msgs/tello_msgs_s__rosidl_typesupport_c.cpython-38-x86_64-linux-gnu.so[0m
[6.199s] [ 97%] [32m[1mLinking C shared library rosidl_generator_py/tello_msgs/tello_msgs_s__rosidl_typesupport_introspection_c.cpython-38-x86_64-linux-gnu.so[0m
[6.206s] [100%] [32m[1mLinking CXX shared library rosidl_generator_py/tello_msgs/tello_msgs_s__rosidl_typesupport_fastrtps_c.cpython-38-x86_64-linux-gnu.so[0m
[6.236s] [100%] Built target tello_msgs__rosidl_typesupport_c__pyext
[6.236s] [100%] Built target tello_msgs__rosidl_typesupport_introspection_c__pyext
[6.270s] [100%] Built target tello_msgs__rosidl_typesupport_fastrtps_c__pyext
[6.281s] Invoked command in '/root/tello_ros_ws/build/tello_msgs' returned '0': CMAKE_PREFIX_PATH=${CMAKE_PREFIX_PATH}:/root/tello_ros_ws/install/tello_hand_move:/root/tello_ros_ws/install/sim:/root/tello_ros_ws/sim/install/sim:/opt/ros/foxy /usr/bin/cmake --build /root/tello_ros_ws/build/tello_msgs -- -j12 -l12
[6.344s] Invoking command in '/root/tello_ros_ws/build/tello_msgs': CMAKE_PREFIX_PATH=${CMAKE_PREFIX_PATH}:/root/tello_ros_ws/install/tello_hand_move:/root/tello_ros_ws/install/sim:/root/tello_ros_ws/sim/install/sim:/opt/ros/foxy /usr/bin/cmake --install /root/tello_ros_ws/build/tello_msgs
[6.353s] -- Install configuration: ""
[6.354s] -- Execute custom install script
[6.355s] -- Symlinking: /root/tello_ros_ws/install/tello_msgs/share/ament_index/resource_index/rosidl_interfaces/tello_msgs
[6.364s] -- Symlinking: /root/tello_ros_ws/install/tello_msgs/include/tello_msgs/msg/detail/flight_data__functions.h
[6.373s] -- Symlinking: /root/tello_ros_ws/install/tello_msgs/include/tello_msgs/msg/detail/flight_data__struct.h
[6.381s] -- Symlinking: /root/tello_ros_ws/install/tello_msgs/include/tello_msgs/msg/detail/flight_data__type_support.h
[6.389s] -- Symlinking: /root/tello_ros_ws/install/tello_msgs/include/tello_msgs/msg/detail/tello_response__functions.h
[6.400s] -- Symlinking: /root/tello_ros_ws/install/tello_msgs/include/tello_msgs/msg/detail/tello_response__struct.h
[6.408s] -- Symlinking: /root/tello_ros_ws/install/tello_msgs/include/tello_msgs/msg/detail/tello_response__type_support.h
[6.417s] -- Symlinking: /root/tello_ros_ws/install/tello_msgs/include/tello_msgs/msg/flight_data.h
[6.425s] -- Symlinking: /root/tello_ros_ws/install/tello_msgs/include/tello_msgs/msg/rosidl_generator_c__visibility_control.h
[6.434s] -- Symlinking: /root/tello_ros_ws/install/tello_msgs/include/tello_msgs/msg/tello_response.h
[6.443s] -- Symlinking: /root/tello_ros_ws/install/tello_msgs/include/tello_msgs/srv/detail/tello_action__functions.h
[6.451s] -- Symlinking: /root/tello_ros_ws/install/tello_msgs/include/tello_msgs/srv/detail/tello_action__struct.h
[6.459s] -- Symlinking: /root/tello_ros_ws/install/tello_msgs/include/tello_msgs/srv/detail/tello_action__type_support.h
[6.468s] -- Symlinking: /root/tello_ros_ws/install/tello_msgs/include/tello_msgs/srv/tello_action.h
[6.477s] -- Symlinking: /root/tello_ros_ws/install/tello_msgs/share/tello_msgs/environment/library_path.sh
[6.486s] -- Symlinking: /root/tello_ros_ws/install/tello_msgs/share/tello_msgs/environment/library_path.dsv
[6.496s] -- Symlinking: /root/tello_ros_ws/install/tello_msgs/include/tello_msgs/msg/detail/flight_data__rosidl_typesupport_fastrtps_c.h
[6.504s] -- Symlinking: /root/tello_ros_ws/install/tello_msgs/include/tello_msgs/msg/detail/tello_response__rosidl_typesupport_fastrtps_c.h
[6.512s] -- Symlinking: /root/tello_ros_ws/install/tello_msgs/include/tello_msgs/msg/rosidl_typesupport_fastrtps_c__visibility_control.h
[6.521s] -- Symlinking: /root/tello_ros_ws/install/tello_msgs/include/tello_msgs/srv/detail/tello_action__rosidl_typesupport_fastrtps_c.h
[6.530s] -- Symlinking: /root/tello_ros_ws/install/tello_msgs/lib/libtello_msgs__rosidl_typesupport_fastrtps_c.so
[6.542s] -- Symlinking: /root/tello_ros_ws/install/tello_msgs/include/tello_msgs/msg/detail/flight_data__rosidl_typesupport_fastrtps_cpp.hpp
[6.550s] -- Symlinking: /root/tello_ros_ws/install/tello_msgs/include/tello_msgs/msg/detail/tello_response__rosidl_typesupport_fastrtps_cpp.hpp
[6.560s] -- Symlinking: /root/tello_ros_ws/install/tello_msgs/include/tello_msgs/msg/rosidl_typesupport_fastrtps_cpp__visibility_control.h
[6.570s] -- Symlinking: /root/tello_ros_ws/install/tello_msgs/include/tello_msgs/srv/detail/tello_action__rosidl_typesupport_fastrtps_cpp.hpp
[6.580s] -- Symlinking: /root/tello_ros_ws/install/tello_msgs/lib/libtello_msgs__rosidl_typesupport_fastrtps_cpp.so
[6.589s] -- Symlinking: /root/tello_ros_ws/install/tello_msgs/include/tello_msgs/msg/detail/flight_data__rosidl_typesupport_introspection_c.h
[6.598s] -- Symlinking: /root/tello_ros_ws/install/tello_msgs/include/tello_msgs/msg/detail/tello_response__rosidl_typesupport_introspection_c.h
[6.608s] -- Symlinking: /root/tello_ros_ws/install/tello_msgs/include/tello_msgs/msg/rosidl_typesupport_introspection_c__visibility_control.h
[6.617s] -- Symlinking: /root/tello_ros_ws/install/tello_msgs/include/tello_msgs/srv/detail/tello_action__rosidl_typesupport_introspection_c.h
[6.626s] -- Symlinking: /root/tello_ros_ws/install/tello_msgs/include/tello_msgs/msg/detail/flight_data__builder.hpp
[6.636s] -- Symlinking: /root/tello_ros_ws/install/tello_msgs/include/tello_msgs/msg/detail/flight_data__struct.hpp
[6.645s] -- Symlinking: /root/tello_ros_ws/install/tello_msgs/include/tello_msgs/msg/detail/flight_data__traits.hpp
[6.655s] -- Symlinking: /root/tello_ros_ws/install/tello_msgs/include/tello_msgs/msg/detail/flight_data__type_support.hpp
[6.665s] -- Symlinking: /root/tello_ros_ws/install/tello_msgs/include/tello_msgs/msg/detail/tello_response__builder.hpp
[6.674s] -- Symlinking: /root/tello_ros_ws/install/tello_msgs/include/tello_msgs/msg/detail/tello_response__struct.hpp
[6.683s] -- Symlinking: /root/tello_ros_ws/install/tello_msgs/include/tello_msgs/msg/detail/tello_response__traits.hpp
[6.692s] -- Symlinking: /root/tello_ros_ws/install/tello_msgs/include/tello_msgs/msg/detail/tello_response__type_support.hpp
[6.700s] -- Symlinking: /root/tello_ros_ws/install/tello_msgs/include/tello_msgs/msg/flight_data.hpp
[6.710s] -- Symlinking: /root/tello_ros_ws/install/tello_msgs/include/tello_msgs/msg/rosidl_generator_cpp__visibility_control.hpp
[6.718s] -- Symlinking: /root/tello_ros_ws/install/tello_msgs/include/tello_msgs/msg/tello_response.hpp
[6.727s] -- Symlinking: /root/tello_ros_ws/install/tello_msgs/include/tello_msgs/srv/detail/tello_action__builder.hpp
[6.736s] -- Symlinking: /root/tello_ros_ws/install/tello_msgs/include/tello_msgs/srv/detail/tello_action__struct.hpp
[6.747s] -- Symlinking: /root/tello_ros_ws/install/tello_msgs/include/tello_msgs/srv/detail/tello_action__traits.hpp
[6.756s] -- Symlinking: /root/tello_ros_ws/install/tello_msgs/include/tello_msgs/srv/detail/tello_action__type_support.hpp
[6.765s] -- Symlinking: /root/tello_ros_ws/install/tello_msgs/include/tello_msgs/srv/tello_action.hpp
[6.774s] -- Symlinking: /root/tello_ros_ws/install/tello_msgs/include/tello_msgs/msg/detail/flight_data__rosidl_typesupport_introspection_cpp.hpp
[6.782s] -- Symlinking: /root/tello_ros_ws/install/tello_msgs/include/tello_msgs/msg/detail/tello_response__rosidl_typesupport_introspection_cpp.hpp
[6.791s] -- Symlinking: /root/tello_ros_ws/install/tello_msgs/include/tello_msgs/srv/detail/tello_action__rosidl_typesupport_introspection_cpp.hpp
[6.799s] -- Symlinking: /root/tello_ros_ws/install/tello_msgs/share/tello_msgs/environment/pythonpath.sh
[6.807s] -- Symlinking: /root/tello_ros_ws/install/tello_msgs/share/tello_msgs/environment/pythonpath.dsv
[6.816s] -- Symlinking: /root/tello_ros_ws/install/tello_msgs/lib/python3.8/site-packages/tello_msgs/__init__.py
[6.827s] -- Symlinking: /root/tello_ros_ws/install/tello_msgs/lib/python3.8/site-packages/tello_msgs/msg/__init__.py
[6.836s] -- Symlinking: /root/tello_ros_ws/install/tello_msgs/lib/python3.8/site-packages/tello_msgs/msg/_flight_data.py
[6.844s] -- Symlinking: /root/tello_ros_ws/install/tello_msgs/lib/python3.8/site-packages/tello_msgs/msg/_tello_response.py
[6.853s] -- Symlinking: /root/tello_ros_ws/install/tello_msgs/lib/python3.8/site-packages/tello_msgs/srv/__init__.py
[6.862s] -- Symlinking: /root/tello_ros_ws/install/tello_msgs/lib/python3.8/site-packages/tello_msgs/srv/_tello_action.py
[6.870s] -- Symlinking: /root/tello_ros_ws/install/tello_msgs/lib/python3.8/site-packages/tello_msgs/tello_msgs_s__rosidl_typesupport_fastrtps_c.cpython-38-x86_64-linux-gnu.so
[6.879s] -- Symlinking: /root/tello_ros_ws/install/tello_msgs/lib/python3.8/site-packages/tello_msgs/tello_msgs_s__rosidl_typesupport_introspection_c.cpython-38-x86_64-linux-gnu.so
[6.889s] -- Symlinking: /root/tello_ros_ws/install/tello_msgs/lib/python3.8/site-packages/tello_msgs/tello_msgs_s__rosidl_typesupport_c.cpython-38-x86_64-linux-gnu.so
[6.898s] -- Symlinking: /root/tello_ros_ws/install/tello_msgs/lib/libtello_msgs__python.so
[6.906s] -- Symlinking: /root/tello_ros_ws/install/tello_msgs/share/tello_msgs/msg/FlightData.idl
[6.915s] -- Symlinking: /root/tello_ros_ws/install/tello_msgs/share/tello_msgs/msg/TelloResponse.idl
[6.924s] -- Symlinking: /root/tello_ros_ws/install/tello_msgs/share/tello_msgs/srv/TelloAction.idl
[6.932s] -- Symlinking: /root/tello_ros_ws/install/tello_msgs/share/tello_msgs/msg/FlightData.msg
[6.942s] -- Symlinking: /root/tello_ros_ws/install/tello_msgs/share/tello_msgs/msg/TelloResponse.msg
[6.950s] -- Symlinking: /root/tello_ros_ws/install/tello_msgs/share/tello_msgs/srv/TelloAction.srv
[6.959s] -- Symlinking: /root/tello_ros_ws/install/tello_msgs/share/tello_msgs/srv/TelloAction_Request.msg
[6.968s] -- Symlinking: /root/tello_ros_ws/install/tello_msgs/share/tello_msgs/srv/TelloAction_Response.msg
[6.976s] -- Symlinking: /root/tello_ros_ws/install/tello_msgs/share/ament_index/resource_index/package_run_dependencies/tello_msgs
[6.985s] -- Symlinking: /root/tello_ros_ws/install/tello_msgs/share/ament_index/resource_index/parent_prefix_path/tello_msgs
[6.994s] -- Symlinking: /root/tello_ros_ws/install/tello_msgs/share/tello_msgs/environment/ament_prefix_path.sh
[7.003s] -- Symlinking: /root/tello_ros_ws/install/tello_msgs/share/tello_msgs/environment/ament_prefix_path.dsv
[7.012s] -- Symlinking: /root/tello_ros_ws/install/tello_msgs/share/tello_msgs/environment/path.sh
[7.021s] -- Symlinking: /root/tello_ros_ws/install/tello_msgs/share/tello_msgs/environment/path.dsv
[7.030s] -- Symlinking: /root/tello_ros_ws/install/tello_msgs/share/tello_msgs/local_setup.bash
[7.038s] -- Symlinking: /root/tello_ros_ws/install/tello_msgs/share/tello_msgs/local_setup.sh
[7.047s] -- Symlinking: /root/tello_ros_ws/install/tello_msgs/share/tello_msgs/local_setup.zsh
[7.055s] -- Symlinking: /root/tello_ros_ws/install/tello_msgs/share/tello_msgs/local_setup.dsv
[7.064s] -- Symlinking: /root/tello_ros_ws/install/tello_msgs/share/tello_msgs/package.dsv
[7.072s] -- Symlinking: /root/tello_ros_ws/install/tello_msgs/share/ament_index/resource_index/packages/tello_msgs
[7.081s] -- Symlinking: /root/tello_ros_ws/install/tello_msgs/share/tello_msgs/cmake/rosidl_cmake-extras.cmake
[7.091s] -- Symlinking: /root/tello_ros_ws/install/tello_msgs/share/tello_msgs/cmake/ament_cmake_export_dependencies-extras.cmake
[7.099s] -- Symlinking: /root/tello_ros_ws/install/tello_msgs/share/tello_msgs/cmake/ament_cmake_export_libraries-extras.cmake
[7.107s] -- Symlinking: /root/tello_ros_ws/install/tello_msgs/share/tello_msgs/cmake/ament_cmake_export_targets-extras.cmake
[7.116s] -- Symlinking: /root/tello_ros_ws/install/tello_msgs/share/tello_msgs/cmake/ament_cmake_export_include_directories-extras.cmake
[7.124s] -- Symlinking: /root/tello_ros_ws/install/tello_msgs/share/tello_msgs/cmake/rosidl_cmake_export_typesupport_libraries-extras.cmake
[7.133s] -- Symlinking: /root/tello_ros_ws/install/tello_msgs/share/tello_msgs/cmake/rosidl_cmake_export_typesupport_targets-extras.cmake
[7.142s] -- Symlinking: /root/tello_ros_ws/install/tello_msgs/share/tello_msgs/cmake/tello_msgsConfig.cmake
[7.151s] -- Symlinking: /root/tello_ros_ws/install/tello_msgs/share/tello_msgs/cmake/tello_msgsConfig-version.cmake
[7.161s] -- Symlinking: /root/tello_ros_ws/install/tello_msgs/share/tello_msgs/package.xml
[7.169s] -- Installing: /root/tello_ros_ws/install/tello_msgs/lib/libtello_msgs__rosidl_generator_c.so
[7.170s] -- Set runtime path of "/root/tello_ros_ws/install/tello_msgs/lib/libtello_msgs__rosidl_generator_c.so" to ""
[7.170s] -- Installing: /root/tello_ros_ws/install/tello_msgs/lib/libtello_msgs__rosidl_typesupport_introspection_c.so
[7.170s] -- Set runtime path of "/root/tello_ros_ws/install/tello_msgs/lib/libtello_msgs__rosidl_typesupport_introspection_c.so" to ""
[7.171s] -- Installing: /root/tello_ros_ws/install/tello_msgs/lib/libtello_msgs__rosidl_typesupport_c.so
[7.171s] -- Set runtime path of "/root/tello_ros_ws/install/tello_msgs/lib/libtello_msgs__rosidl_typesupport_c.so" to ""
[7.171s] -- Installing: /root/tello_ros_ws/install/tello_msgs/lib/libtello_msgs__rosidl_typesupport_introspection_cpp.so
[7.172s] -- Set runtime path of "/root/tello_ros_ws/install/tello_msgs/lib/libtello_msgs__rosidl_typesupport_introspection_cpp.so" to ""
[7.172s] -- Installing: /root/tello_ros_ws/install/tello_msgs/lib/libtello_msgs__rosidl_typesupport_cpp.so
[7.172s] -- Set runtime path of "/root/tello_ros_ws/install/tello_msgs/lib/libtello_msgs__rosidl_typesupport_cpp.so" to ""
[7.202s] Compiling '/root/tello_ros_ws/install/tello_msgs/lib/python3.8/site-packages/tello_msgs/__init__.py'...
[7.206s] -- Installing: /root/tello_ros_ws/install/tello_msgs/share/tello_msgs/cmake/tello_msgs__rosidl_generator_cExport.cmake
[7.207s] -- Installing: /root/tello_ros_ws/install/tello_msgs/share/tello_msgs/cmake/tello_msgs__rosidl_generator_cExport-noconfig.cmake
[7.207s] -- Installing: /root/tello_ros_ws/install/tello_msgs/share/tello_msgs/cmake/tello_msgs__rosidl_typesupport_introspection_cExport.cmake
[7.207s] -- Installing: /root/tello_ros_ws/install/tello_msgs/share/tello_msgs/cmake/tello_msgs__rosidl_typesupport_introspection_cExport-noconfig.cmake
[7.207s] -- Installing: /root/tello_ros_ws/install/tello_msgs/share/tello_msgs/cmake/tello_msgs__rosidl_typesupport_cExport.cmake
[7.207s] -- Installing: /root/tello_ros_ws/install/tello_msgs/share/tello_msgs/cmake/tello_msgs__rosidl_typesupport_cExport-noconfig.cmake
[7.207s] -- Installing: /root/tello_ros_ws/install/tello_msgs/share/tello_msgs/cmake/tello_msgs__rosidl_generator_cppExport.cmake
[7.207s] -- Installing: /root/tello_ros_ws/install/tello_msgs/share/tello_msgs/cmake/tello_msgs__rosidl_typesupport_introspection_cppExport.cmake
[7.208s] -- Installing: /root/tello_ros_ws/install/tello_msgs/share/tello_msgs/cmake/tello_msgs__rosidl_typesupport_introspection_cppExport-noconfig.cmake
[7.208s] -- Installing: /root/tello_ros_ws/install/tello_msgs/share/tello_msgs/cmake/tello_msgs__rosidl_typesupport_cppExport.cmake
[7.208s] -- Installing: /root/tello_ros_ws/install/tello_msgs/share/tello_msgs/cmake/tello_msgs__rosidl_typesupport_cppExport-noconfig.cmake
[7.213s] Invoked command in '/root/tello_ros_ws/build/tello_msgs' returned '0': CMAKE_PREFIX_PATH=${CMAKE_PREFIX_PATH}:/root/tello_ros_ws/install/tello_hand_move:/root/tello_ros_ws/install/sim:/root/tello_ros_ws/sim/install/sim:/opt/ros/foxy /usr/bin/cmake --install /root/tello_ros_ws/build/tello_msgs
