[0.256s] Invoking command in '/root/tello_ros_ws/build/tello_description': CMAKE_PREFIX_PATH=${CMAKE_PREFIX_PATH}:/root/tello_ros_ws/install/tello_hand_move:/root/tello_ros_ws/install/sim:/root/tello_ros_ws/sim/install/sim:/opt/ros/foxy /usr/bin/cmake /root/tello_ros_ws/src/tello_ros/tello_description -DAMENT_CMAKE_SYMLINK_INSTALL=1 -DCMAKE_INSTALL_PREFIX=/root/tello_ros_ws/install/tello_description
[0.313s] -- The C compiler identification is GNU 9.4.0
[0.367s] -- The CXX compiler identification is GNU 9.4.0
[0.371s] -- Check for working C compiler: /usr/bin/cc
[0.442s] -- Check for working C compiler: /usr/bin/cc -- works
[0.443s] -- Detecting C compiler ABI info
[0.509s] -- Detecting C compiler ABI info - done
[0.520s] -- Detecting C compile features
[0.520s] -- Detecting C compile features - done
[0.524s] -- Check for working CXX compiler: /usr/bin/c++
[0.599s] -- Check for working CXX compiler: /usr/bin/c++ -- works
[0.600s] -- Detecting CXX compiler ABI info
[0.684s] -- Detecting CXX compiler ABI info - done
[0.701s] -- Detecting CXX compile features
[0.702s] -- Detecting CXX compile features - done
[0.705s] -- Found ament_cmake: 0.9.12 (/opt/ros/foxy/share/ament_cmake/cmake)
[0.740s] -- Found PythonInterp: /usr/bin/python3 (found suitable version "3.8.10", minimum required is "3") 
[0.740s] -- Using PYTHON_EXECUTABLE: /usr/bin/python3
[0.908s] -- Override CMake install command with custom implementation using symlinks instead of copying resources
[0.942s] -- creating rules for /root/tello_ros_ws/build/tello_description/urdf/tello.urdf
[0.942s] -- creating rules for /root/tello_ros_ws/build/tello_description/urdf/tello_1.urdf
[0.942s] -- creating rules for /root/tello_ros_ws/build/tello_description/urdf/tello_2.urdf
[0.942s] -- creating rules for /root/tello_ros_ws/build/tello_description/urdf/tello_3.urdf
[0.942s] -- creating rules for /root/tello_ros_ws/build/tello_description/urdf/tello_4.urdf
[0.943s] -- creating rules for /root/tello_ros_ws/build/tello_description/urdf/tello_5.urdf
[0.943s] -- creating rules for /root/tello_ros_ws/build/tello_description/urdf/tello_6.urdf
[0.943s] -- creating rules for /root/tello_ros_ws/build/tello_description/urdf/tello_7.urdf
[0.943s] -- creating rules for /root/tello_ros_ws/build/tello_description/urdf/tello_8.urdf
[1.005s] -- Configuring done
[1.010s] -- Generating done
[1.011s] -- Build files have been written to: /root/tello_ros_ws/build/tello_description
[1.015s] Invoked command in '/root/tello_ros_ws/build/tello_description' returned '0': CMAKE_PREFIX_PATH=${CMAKE_PREFIX_PATH}:/root/tello_ros_ws/install/tello_hand_move:/root/tello_ros_ws/install/sim:/root/tello_ros_ws/sim/install/sim:/opt/ros/foxy /usr/bin/cmake /root/tello_ros_ws/src/tello_ros/tello_description -DAMENT_CMAKE_SYMLINK_INSTALL=1 -DCMAKE_INSTALL_PREFIX=/root/tello_ros_ws/install/tello_description
[1.016s] Invoking command in '/root/tello_ros_ws/build/tello_description': CMAKE_PREFIX_PATH=${CMAKE_PREFIX_PATH}:/root/tello_ros_ws/install/tello_hand_move:/root/tello_ros_ws/install/sim:/root/tello_ros_ws/sim/install/sim:/opt/ros/foxy /usr/bin/cmake --build /root/tello_ros_ws/build/tello_description -- -j12 -l12
[1.064s] [35m[1mScanning dependencies of target generate_urdf_4[0m
[1.064s] [35m[1mScanning dependencies of target generate_urdf_6[0m
[1.064s] [35m[1mScanning dependencies of target generate_urdf_5[0m
[1.064s] [35m[1mScanning dependencies of target generate_urdf_8[0m
[1.064s] [35m[1mScanning dependencies of target generate_urdf_3[0m
[1.065s] [35m[1mScanning dependencies of target generate_urdf_2[0m
[1.066s] [35m[1mScanning dependencies of target generate_urdf_1[0m
[1.066s] [35m[1mScanning dependencies of target generate_urdf[0m
[1.076s] [35m[1mScanning dependencies of target generate_urdf_7[0m
[1.079s] [ 11%] [34m[1mGenerate /root/tello_ros_ws/build/tello_description/urdf/tello_6.urdf[0m
[1.085s] [ 33%] [34m[1mGenerate /root/tello_ros_ws/build/tello_description/urdf/tello.urdf[0m
[1.085s] [ 33%] [34m[1mGenerate /root/tello_ros_ws/build/tello_description/urdf/tello_3.urdf[0m
[1.085s] [ 44%] [34m[1mGenerate /root/tello_ros_ws/build/tello_description/urdf/tello_1.urdf[0m
[1.091s] [ 55%] [34m[1mGenerate /root/tello_ros_ws/build/tello_description/urdf/tello_4.urdf[0m
[1.093s] [ 66%] [34m[1mGenerate /root/tello_ros_ws/build/tello_description/urdf/tello_8.urdf[0m
[1.095s] [ 88%] [34m[1mGenerate /root/tello_ros_ws/build/tello_description/urdf/tello_5.urdf[0m
[1.095s] [ 88%] [34m[1mGenerate /root/tello_ros_ws/build/tello_description/urdf/tello_7.urdf[0m
[1.099s] [100%] [34m[1mGenerate /root/tello_ros_ws/build/tello_description/urdf/tello_2.urdf[0m
[1.143s] [100%] Built target generate_urdf_1
[1.153s] [100%] Built target generate_urdf_3
[1.153s] [100%] Built target generate_urdf
[1.157s] [100%] Built target generate_urdf_6
[1.157s] [100%] Built target generate_urdf_4
[1.164s] [100%] Built target generate_urdf_2
[1.165s] [100%] Built target generate_urdf_5
[1.165s] [100%] Built target generate_urdf_8
[1.175s] [100%] Built target generate_urdf_7
[1.187s] Invoked command in '/root/tello_ros_ws/build/tello_description' returned '0': CMAKE_PREFIX_PATH=${CMAKE_PREFIX_PATH}:/root/tello_ros_ws/install/tello_hand_move:/root/tello_ros_ws/install/sim:/root/tello_ros_ws/sim/install/sim:/opt/ros/foxy /usr/bin/cmake --build /root/tello_ros_ws/build/tello_description -- -j12 -l12
[1.226s] Invoking command in '/root/tello_ros_ws/build/tello_description': CMAKE_PREFIX_PATH=${CMAKE_PREFIX_PATH}:/root/tello_ros_ws/install/tello_hand_move:/root/tello_ros_ws/install/sim:/root/tello_ros_ws/sim/install/sim:/opt/ros/foxy /usr/bin/cmake --install /root/tello_ros_ws/build/tello_description
[1.234s] -- Install configuration: ""
[1.234s] -- Execute custom install script
[1.235s] -- Symlinking: /root/tello_ros_ws/install/tello_description/share/tello_description/urdf/tello.urdf
[1.245s] -- Symlinking: /root/tello_ros_ws/install/tello_description/share/tello_description/urdf/tello_1.urdf
[1.254s] -- Symlinking: /root/tello_ros_ws/install/tello_description/share/tello_description/urdf/tello_2.urdf
[1.265s] -- Symlinking: /root/tello_ros_ws/install/tello_description/share/tello_description/urdf/tello_3.urdf
[1.274s] -- Symlinking: /root/tello_ros_ws/install/tello_description/share/tello_description/urdf/tello_4.urdf
[1.284s] -- Symlinking: /root/tello_ros_ws/install/tello_description/share/tello_description/urdf/tello_5.urdf
[1.295s] -- Symlinking: /root/tello_ros_ws/install/tello_description/share/tello_description/urdf/tello_6.urdf
[1.306s] -- Symlinking: /root/tello_ros_ws/install/tello_description/share/tello_description/urdf/tello_7.urdf
[1.315s] -- Symlinking: /root/tello_ros_ws/install/tello_description/share/tello_description/urdf/tello_8.urdf
[1.326s] -- Symlinking: /root/tello_ros_ws/install/tello_description/share/ament_index/resource_index/package_run_dependencies/tello_description
[1.334s] -- Symlinking: /root/tello_ros_ws/install/tello_description/share/ament_index/resource_index/parent_prefix_path/tello_description
[1.345s] -- Symlinking: /root/tello_ros_ws/install/tello_description/share/tello_description/environment/ament_prefix_path.sh
[1.354s] -- Symlinking: /root/tello_ros_ws/install/tello_description/share/tello_description/environment/ament_prefix_path.dsv
[1.365s] -- Symlinking: /root/tello_ros_ws/install/tello_description/share/tello_description/environment/path.sh
[1.374s] -- Symlinking: /root/tello_ros_ws/install/tello_description/share/tello_description/environment/path.dsv
[1.384s] -- Symlinking: /root/tello_ros_ws/install/tello_description/share/tello_description/local_setup.bash
[1.393s] -- Symlinking: /root/tello_ros_ws/install/tello_description/share/tello_description/local_setup.sh
[1.402s] -- Symlinking: /root/tello_ros_ws/install/tello_description/share/tello_description/local_setup.zsh
[1.411s] -- Symlinking: /root/tello_ros_ws/install/tello_description/share/tello_description/local_setup.dsv
[1.421s] -- Symlinking: /root/tello_ros_ws/install/tello_description/share/tello_description/package.dsv
[1.430s] -- Symlinking: /root/tello_ros_ws/install/tello_description/share/ament_index/resource_index/packages/tello_description
[1.438s] -- Symlinking: /root/tello_ros_ws/install/tello_description/share/tello_description/cmake/tello_descriptionConfig.cmake
[1.448s] -- Symlinking: /root/tello_ros_ws/install/tello_description/share/tello_description/cmake/tello_descriptionConfig-version.cmake
[1.456s] -- Symlinking: /root/tello_ros_ws/install/tello_description/share/tello_description/package.xml
[1.470s] Invoked command in '/root/tello_ros_ws/build/tello_description' returned '0': CMAKE_PREFIX_PATH=${CMAKE_PREFIX_PATH}:/root/tello_ros_ws/install/tello_hand_move:/root/tello_ros_ws/install/sim:/root/tello_ros_ws/sim/install/sim:/opt/ros/foxy /usr/bin/cmake --install /root/tello_ros_ws/build/tello_description
